{"name": "Проверяем, что заказ есть в разделе \"в работе\"", "status": "broken", "statusDetails": {"message": "selenium.common.exceptions.TimeoutException: Message:", "trace": "self = <tests.test_orders_feed_page.TestsOrdersFeedPage object at 0x107dd9a00>, header_page = <pages.header_page.HeaderPage object at 0x107ed97c0>\naccount_page = <pages.account_page.AccountPage object at 0x107ed8440>, main_page = <pages.main_page.MainPage object at 0x107eda1e0>\norders_feed_page = <pages.orders_feed_page.OrdersFeedPage object at 0x107edb950>\nuser_credentials = {'accessToken': 'Bearer eyJhbGciOiJIUzI1NiIsInR5cCI6IkpXVCJ9.eyJpZCI6IjY2ZTk2ZWUwOWVkMjgwMDAxYjRiYjhhOCIsImlhdCI6MTcyN...zXkH8eYOjluPfc2V3y2WJPuw_bBmno1b13vA', 'email': 'ajdhmutteq@yandex.ru', 'name': 'akiccngyni', 'password': 'gtzzpfubtz'}\n\n    @allure.title('Проверяем, что заказ есть в разделе \"в работе\"')\n    @allure.description('Логинимся, выполняем заказ и проверяем, что он есть в разделе \"в работе\" ленты заказов')\n    def test_order_is_in_work_list(self, header_page, account_page,\n                                   main_page, orders_feed_page, user_credentials):\n        # логинимся\n        header_page.move_to_account()\n        account_page.wait_login_form()\n        account_page.fill_login_form(user_credentials['email'], user_credentials['password'])\n        main_page.wait_page_loading()\n    \n        # делаем заказ\n        main_page.add_ingredients_to_order(data.INGREDIENT_HASH)\n        main_page.click_order_button()\n>       order_id = main_page.get_order_id()\n\ntests/test_orders_feed_page.py:112: \n_ _ _ _ _ _ _ _ _ _ _ _ _ _ _ _ _ _ _ _ _ _ _ _ _ _ _ _ _ _ _ _ _ _ _ _ _ _ _ _ _ _ _ _ _ _ _ _ _ _ _ _ _ _ _ _ _ _ _ _ _ _ _ _ _ _ _ _ _ _ _ _ _ _ _ _ _ _ _ _ _ \npages/main_page.py:64: in get_order_id\n    return self.wait_correct_order_number(locators.ORDER_NUMBER)\npages/base_page.py:73: in wait_correct_order_number\n    WebDriverWait(self.driver, 40).until_not(lambda driver: driver.find_element(*number_locator).text == \"9999\")\n_ _ _ _ _ _ _ _ _ _ _ _ _ _ _ _ _ _ _ _ _ _ _ _ _ _ _ _ _ _ _ _ _ _ _ _ _ _ _ _ _ _ _ _ _ _ _ _ _ _ _ _ _ _ _ _ _ _ _ _ _ _ _ _ _ _ _ _ _ _ _ _ _ _ _ _ _ _ _ _ _ \n\nself = <selenium.webdriver.support.wait.WebDriverWait (session=\"a38563b8-a9ae-4639-ad86-ae3391d1b671\")>\nmethod = <function BasePage.wait_correct_order_number.<locals>.<lambda> at 0x107e81e40>, message = ''\n\n    def until_not(self, method: Callable[[D], T], message: str = \"\") -> Union[T, Literal[True]]:\n        \"\"\"Calls the method provided with the driver as an argument until the \\\n        return value evaluates to ``False``.\n    \n        :param method: callable(WebDriver)\n        :param message: optional message for :exc:`TimeoutException`\n        :returns: the result of the last call to `method`, or\n                  ``True`` if `method` has raised one of the ignored exceptions\n        :raises: :exc:`selenium.common.exceptions.TimeoutException` if timeout occurs\n        \"\"\"\n        end_time = time.monotonic() + self._timeout\n        while True:\n            try:\n                value = method(self._driver)\n                if not value:\n                    return value\n            except self._ignored_exceptions:\n                return True\n            time.sleep(self._poll)\n            if time.monotonic() > end_time:\n                break\n>       raise TimeoutException(message)\nE       selenium.common.exceptions.TimeoutException: Message:\n\n.venv/lib/python3.12/site-packages/selenium/webdriver/support/wait.py:128: TimeoutException"}, "description": "Логинимся, выполняем заказ и проверяем, что он есть в разделе \"в работе\" ленты заказов", "steps": [{"name": "Переходим по кнопке \"Личный кабинет\"", "status": "passed", "steps": [{"name": "Кликаем по элементу", "status": "passed", "parameters": [{"name": "locator", "value": "('xpath', \"//p[text()='Личный Кабинет']\")"}, {"name": "timeout", "value": "30"}], "start": 1726574304533, "stop": 1726574304808}], "start": 1726574304533, "stop": 1726574304808}, {"name": "Ждём появления формы логина", "status": "passed", "steps": [{"name": "Находим элемент", "status": "passed", "parameters": [{"name": "locator", "value": "('xpath', \"//h2[text()='Вход']\")"}, {"name": "timeout", "value": "30"}], "start": 1726574304808, "stop": 1726574304819}], "start": 1726574304808, "stop": 1726574304819}, {"name": "Получение текста заголовка формы логина", "status": "passed", "steps": [{"name": "Вводим текст", "status": "passed", "steps": [{"name": "Находим элемент", "status": "passed", "parameters": [{"name": "locator", "value": "('name', 'name')"}, {"name": "timeout", "value": "30"}], "start": 1726574304819, "stop": 1726574304829}], "parameters": [{"name": "locator", "value": "('name', 'name')"}, {"name": "text", "value": "'ajdhmutteq@yandex.ru'"}], "start": 1726574304819, "stop": 1726574304885}, {"name": "Вводим текст", "status": "passed", "steps": [{"name": "Находим элемент", "status": "passed", "parameters": [{"name": "locator", "value": "('name', 'Пароль')"}, {"name": "timeout", "value": "30"}], "start": 1726574304885, "stop": 1726574304896}], "parameters": [{"name": "locator", "value": "('name', 'Пароль')"}, {"name": "text", "value": "'gtzzpfubtz'"}], "start": 1726574304885, "stop": 1726574304918}, {"name": "Кликаем по элементу", "status": "passed", "parameters": [{"name": "locator", "value": "('xpath', \"//button[text()='Войти']\")"}, {"name": "timeout", "value": "30"}], "start": 1726574304919, "stop": 1726574305154}], "parameters": [{"name": "email", "value": "'ajdhmutteq@yandex.ru'"}, {"name": "password", "value": "'gtzzpfubtz'"}], "start": 1726574304819, "stop": 1726574305154}, {"name": "Ждём перехода на главную страницу", "status": "passed", "steps": [{"name": "Находим элемент", "status": "passed", "parameters": [{"name": "locator", "value": "('xpath', \"//h1[text()='Соберите бургер']\")"}, {"name": "timeout", "value": "30"}], "start": 1726574305155, "stop": 1726574305167}], "start": 1726574305155, "stop": 1726574305167}, {"name": "Добавляем ингредиент в заказ", "status": "passed", "steps": [{"name": "Перетаскиваем элемент", "status": "passed", "steps": [{"name": "Находим элемент", "status": "passed", "parameters": [{"name": "locator", "value": "('xpath', \".//a[@href='/ingredient/61c0c5a71d1f82001bdaaa6d']\")"}, {"name": "timeout", "value": "30"}], "start": 1726574305168, "stop": 1726574305180}, {"name": "Находим элемент", "status": "passed", "parameters": [{"name": "locator", "value": "('xpath', \".//ul[contains(@class, 'BurgerConstructor_basket__list')]\")"}, {"name": "timeout", "value": "30"}], "start": 1726574305180, "stop": 1726574305192}], "parameters": [{"name": "src_locator", "value": "('xpath', \".//a[@href='/ingredient/61c0c5a71d1f82001bdaaa6d']\")"}, {"name": "dst_locator", "value": "('xpath', \".//ul[contains(@class, 'BurgerConstructor_basket__list')]\")"}], "start": 1726574305168, "stop": 1726574305709}], "parameters": [{"name": "ingredient_hash", "value": "'61c0c5a71d1f82001bdaaa6d'"}], "start": 1726574305168, "stop": 1726574305709}, {"name": "Кликаем по кнопке \"Оформить заказ\"", "status": "passed", "steps": [{"name": "Кликаем по элементу", "status": "passed", "parameters": [{"name": "locator", "value": "('xpath', \".//button[text() = 'Оформить заказ']\")"}, {"name": "timeout", "value": "30"}], "start": 1726574305709, "stop": 1726574305936}], "start": 1726574305709, "stop": 1726574305936}, {"name": "Получаем id заказа", "status": "broken", "statusDetails": {"message": "selenium.common.exceptions.TimeoutException: Message: \n\n", "trace": "  File \"/Users/flowforme/stud/Diplom_3/.venv/lib/python3.12/site-packages/allure_commons/_allure.py\", line 192, in impl\n    return func(*a, **kw)\n           ^^^^^^^^^^^^^^\n  File \"/Users/flowforme/stud/Diplom_3/pages/main_page.py\", line 64, in get_order_id\n    return self.wait_correct_order_number(locators.ORDER_NUMBER)\n           ^^^^^^^^^^^^^^^^^^^^^^^^^^^^^^^^^^^^^^^^^^^^^^^^^^^^^\n  File \"/Users/flowforme/stud/Diplom_3/pages/base_page.py\", line 73, in wait_correct_order_number\n    WebDriverWait(self.driver, 40).until_not(lambda driver: driver.find_element(*number_locator).text == \"9999\")\n  File \"/Users/flowforme/stud/Diplom_3/.venv/lib/python3.12/site-packages/selenium/webdriver/support/wait.py\", line 128, in until_not\n    raise TimeoutException(message)\n"}, "start": 1726574305936, "stop": 1726574346386}], "parameters": [{"name": "driver", "value": "'firefox'"}], "start": 1726574304533, "stop": 1726574346388, "uuid": "799e617d-7f10-44a3-8f5e-a1ccf21bd296", "historyId": "4e09ba414ac2bc195801dc8d447ffe0e", "testCaseId": "ee73ece0020dc75343341426ca47f44e", "fullName": "tests.test_orders_feed_page.TestsOrdersFeedPage#test_order_is_in_work_list", "labels": [{"name": "suite", "value": "Тесты ленты заказов"}, {"name": "parentSuite", "value": "tests"}, {"name": "subSuite", "value": "TestsOrdersFeedPage"}, {"name": "host", "value": "MacBook-Pro-Petr.local"}, {"name": "thread", "value": "59015-MainThread"}, {"name": "framework", "value": "pytest"}, {"name": "language", "value": "cpython3"}, {"name": "package", "value": "tests.test_orders_feed_page"}]}